2017-09-11 15:27:39 DEBUG HelloExample - This is debug
2017-09-11 15:27:39 INFO  HelloExample - This is info
2017-09-11 15:27:39 WARN  HelloExample - This is warn
2017-09-11 15:27:39 ERROR HelloExample - This is error
2017-09-11 15:27:39 FATAL HelloExample - This is fatal
2017-09-11 15:27:39 DEBUG HelloExample - This is debug
2017-09-11 15:27:39 INFO  HelloExample - This is info
2017-09-11 15:27:39 WARN  HelloExample - This is warn
2017-09-11 15:27:39 ERROR HelloExample - This is error
2017-09-11 15:27:39 FATAL HelloExample - This is fatal
2017-09-11 15:27:39 DEBUG HelloExample - This is debug
2017-09-11 15:27:39 INFO  HelloExample - This is info
2017-09-11 15:27:39 WARN  HelloExample - This is warn
2017-09-11 15:27:39 ERROR HelloExample - This is error
2017-09-11 15:27:39 FATAL HelloExample - This is fatal
2017-09-11 15:27:39 DEBUG HelloExample - This is debug
2017-09-11 15:27:39 INFO  HelloExample - This is info
2017-09-11 15:27:39 WARN  HelloExample - This is warn
2017-09-11 15:27:39 ERROR HelloExample - This is error
2017-09-11 15:27:39 FATAL HelloExample - This is fatal
